0 info it worked if it ends with ok
1 verbose cli [ '/usr/local/bin/node', '/usr/local/bin/npm', 'run', 'dev' ]
2 info using npm@3.3.12
3 info using node@v5.5.0
4 verbose run-script [ 'predev', 'dev', 'postdev' ]
5 info lifecycle nodego@1.0.0~predev: nodego@1.0.0
6 silly lifecycle nodego@1.0.0~predev: no script for predev, continuing
7 info lifecycle nodego@1.0.0~dev: nodego@1.0.0
8 verbose lifecycle nodego@1.0.0~dev: unsafe-perm in lifecycle true
9 verbose lifecycle nodego@1.0.0~dev: PATH: /usr/local/lib/node_modules/npm/bin/node-gyp-bin:/Users/jeff/GitHub/Attendance/node_modules/.bin:/Library/Frameworks/Python.framework/Versions/3.5/bin:/usr/local/bin:/usr/bin:/bin:/usr/sbin:/sbin
10 verbose lifecycle nodego@1.0.0~dev: CWD: /Users/jeff/GitHub/Attendance
11 silly lifecycle nodego@1.0.0~dev: Args: [ '-c', 'nodemon server.js' ]
12 info lifecycle nodego@1.0.0~dev: Failed to exec dev script
13 verbose stack Error: nodego@1.0.0 dev: `nodemon server.js`
13 verbose stack spawn ENOENT
13 verbose stack     at ChildProcess.<anonymous> (/usr/local/lib/node_modules/npm/lib/utils/spawn.js:17:16)
13 verbose stack     at emitTwo (events.js:100:13)
13 verbose stack     at ChildProcess.emit (events.js:185:7)
13 verbose stack     at maybeClose (internal/child_process.js:821:16)
13 verbose stack     at Process.ChildProcess._handle.onexit (internal/child_process.js:211:5)
14 verbose pkgid nodego@1.0.0
15 verbose cwd /Users/jeff/GitHub/Attendance
16 error Darwin 15.6.0
17 error argv "/usr/local/bin/node" "/usr/local/bin/npm" "run" "dev"
18 error node v5.5.0
19 error npm  v3.3.12
20 error file sh
21 error code ELIFECYCLE
22 error errno ENOENT
23 error syscall spawn
24 error nodego@1.0.0 dev: `nodemon server.js`
24 error spawn ENOENT
25 error Failed at the nodego@1.0.0 dev script 'nodemon server.js'.
25 error Make sure you have the latest version of node.js and npm installed.
25 error If you do, this is most likely a problem with the nodego package,
25 error not with npm itself.
25 error Tell the author that this fails on your system:
25 error     nodemon server.js
25 error You can get their info via:
25 error     npm owner ls nodego
25 error There is likely additional logging output above.
26 verbose exit [ 1, true ]
